
(unity-scope-home:2146): unity-scope-home-WARNING **: scope.vala:235: Failed to get list of remote scopes: Request failed with error 2

(unity-scope-home:2146): unity-scope-home-WARNING **: scope.vala:235: Failed to get list of remote scopes: Request failed with error 2

(unity-scope-home:2146): unity-scope-home-WARNING **: scope.vala:235: Failed to get list of remote scopes: Request failed with error 2

(unity-scope-home:2146): unity-scope-home-WARNING **: scope.vala:235: Failed to get list of remote scopes: Request failed with error 2

(unity-scope-home:2146): unity-scope-home-WARNING **: scope.vala:235: Failed to get list of remote scopes: Request failed with error 2

(unity-scope-home:2146): unity-scope-home-WARNING **: scope.vala:235: Failed to get list of remote scopes: Request failed with error 2

(unity-scope-home:2146): unity-scope-home-WARNING **: scope.vala:235: Failed to get list of remote scopes: Request failed with error 2

(unity-scope-home:2146): unity-scope-home-WARNING **: scope.vala:235: Failed to get list of remote scopes: Request failed with error 2

(unity-scope-home:2146): unity-scope-home-WARNING **: scope.vala:235: Failed to get list of remote scopes: Request failed with error 2

(unity-scope-home:2146): unity-scope-home-WARNING **: scope.vala:235: Failed to get list of remote scopes: Request failed with error 2

(unity-scope-home:2146): unity-scope-home-WARNING **: scope.vala:235: Failed to get list of remote scopes: Request failed with error 2

(unity-scope-home:2146): unity-scope-home-WARNING **: scope.vala:235: Failed to get list of remote scopes: Request failed with error 2

(unity-scope-home:2146): unity-scope-home-WARNING **: scope.vala:235: Failed to get list of remote scopes: Request failed with error 2

(unity-scope-home:2146): unity-scope-home-WARNING **: scope.vala:235: Failed to get list of remote scopes: Request failed with error 2
Activating service name='com.ubuntu.OneConf'
Successfully activated service 'com.ubuntu.OneConf'
WARNING:oneconf.hosts:Error in loading other_hosts file: [Errno 2] No such file or directory: '/home/hpcsa/.cache/oneconf/296972eea7410e56f85460795d36f2eb/other_hosts'

(unity-scope-home:2146): unity-scope-home-WARNING **: scope.vala:235: Failed to get list of remote scopes: Request failed with error 2
Activating service name='com.ubuntu.sso'
Successfully activated service 'com.ubuntu.sso'

(unity-scope-home:2146): unity-scope-home-WARNING **: scope.vala:235: Failed to get list of remote scopes: Request failed with error 2

(unity-scope-home:2146): unity-scope-home-WARNING **: scope.vala:235: Failed to get list of remote scopes: Request failed with error 2

(unity-scope-home:2146): unity-scope-home-WARNING **: scope.vala:235: Failed to get list of remote scopes: Request failed with error 2

(unity-scope-home:2146): unity-scope-home-WARNING **: scope.vala:235: Failed to get list of remote scopes: Request failed with error 2

(unity-scope-home:2146): unity-scope-home-WARNING **: scope.vala:235: Failed to get list of remote scopes: Request failed with error 2

(unity-scope-home:2146): unity-scope-home-WARNING **: scope.vala:235: Failed to get list of remote scopes: Request failed with error 2

(unity-scope-home:2146): unity-scope-home-WARNING **: scope.vala:235: Failed to get list of remote scopes: Request failed with error 2

(unity-scope-home:2146): unity-scope-home-WARNING **: scope.vala:235: Failed to get list of remote scopes: Request failed with error 2

(unity-scope-home:2146): unity-scope-home-WARNING **: scope.vala:235: Failed to get list of remote scopes: Request failed with error 2

(unity-scope-home:2146): unity-scope-home-WARNING **: scope.vala:235: Failed to get list of remote scopes: Request failed with error 2

(unity-scope-home:2146): unity-scope-home-WARNING **: scope.vala:235: Failed to get list of remote scopes: Request failed with error 2
